<?xml version="1.0" encoding="UTF-8"?>
<!-- Generated by org.testng.reporters.JUnitReportReporter -->
<testsuite hostname="ARPGL000981" failures="0" tests="1" name="Inheritance.PS2" time="0.015" errors="0" timestamp="2024-04-30T15:04:39 IST" skipped="0">
  <testcase classname="Inheritance.PS2" name="testRun" time="0.015"/>
  <system-out/>
</testsuite> <!-- Inheritance.PS2 -->
