<?xml version="1.0" encoding="UTF-8"?>
<!-- Generated by org.testng.reporters.JUnitReportReporter -->
<testsuite hostname="ARPGL000981" failures="0" tests="1" name="test.Day2" time="0.003" errors="0" timestamp="2024-04-30T14:11:10 IST" skipped="0">
  <testcase classname="test.Day2" name="apiLoginPL" time="0.003"/>
  <system-out/>
</testsuite> <!-- test.Day2 -->
