<?xml version="1.0" encoding="UTF-8"?>
<!-- Generated by org.testng.reporters.JUnitReportReporter -->
<testsuite hostname="ARPGL000981" failures="0" tests="1" name="Inheritance.ParentClass" time="0.014" errors="0" timestamp="2024-04-30T14:30:13 IST" skipped="0">
  <testcase classname="Inheritance.ParentClass" name="parentMethod" time="0.014"/>
  <system-out/>
</testsuite> <!-- Inheritance.ParentClass -->
