<?xml version="1.0" encoding="UTF-8"?>
<!-- Generated by org.testng.reporters.JUnitReportReporter -->
<testsuite hostname="ARPGL000981" failures="0" tests="2" name="testng.TestNGPractice.Day1" time="0.012" errors="0" timestamp="2024-04-29T10:41:43 IST" skipped="0">
  <testcase classname="testng.TestNGPractice.Day1" name="test1" time="0.011"/>
  <system-out/>
  <testcase classname="testng.TestNGPractice.Day1" name="test2" time="0.001"/>
  <system-out/>
</testsuite> <!-- testng.TestNGPractice.Day1 -->
