<?xml version="1.0" encoding="UTF-8"?>
<!-- Generated by org.testng.reporters.JUnitReportReporter -->
<testsuite hostname="ARPGL000981" failures="0" tests="2" name="Inheritance.ChildClass" time="0.015" errors="0" timestamp="2024-04-30T14:30:23 IST" skipped="0">
  <testcase classname="Inheritance.ChildClass" name="parentMethod" time="0.008"/>
  <system-out/>
  <testcase classname="Inheritance.ChildClass" name="childMethod" time="0.007"/>
  <system-out/>
</testsuite> <!-- Inheritance.ChildClass -->
