<?xml version="1.0" encoding="UTF-8"?>
<!-- Generated by org.testng.reporters.JUnitReportReporter -->
<testsuite hostname="ARPGL000981" failures="0" tests="2" name="test.Day4" time="0.007" errors="0" timestamp="2024-04-30T14:11:10 IST" skipped="0">
  <testcase classname="test.Day4" name="webLoginHomeLoan" time="0.004"/>
  <system-out/>
  <testcase classname="test.Day4" name="mobileLoginHomeLoan" time="0.003"/>
  <system-out/>
</testsuite> <!-- test.Day4 -->
